Release 14.7 - xst P.20131013 (nt64)
Copyright (c) 1995-2013 Xilinx, Inc.  All rights reserved.
--> Parameter TMPDIR set to xst/projnav.tmp


Total REAL time to Xst completion: 0.00 secs
Total CPU time to Xst completion: 0.25 secs
 
--> Parameter xsthdpdir set to xst


Total REAL time to Xst completion: 0.00 secs
Total CPU time to Xst completion: 0.25 secs
 
--> Reading design: ALU.prj

TABLE OF CONTENTS
  1) Synthesis Options Summary
  2) HDL Parsing
  3) HDL Elaboration
  4) HDL Synthesis
       4.1) HDL Synthesis Report
  5) Advanced HDL Synthesis
       5.1) Advanced HDL Synthesis Report
  6) Low Level Synthesis
  7) Partition Report
  8) Design Summary
       8.1) Primitive and Black Box Usage
       8.2) Device utilization summary
       8.3) Partition Resource Summary
       8.4) Timing Report
            8.4.1) Clock Information
            8.4.2) Asynchronous Control Signals Information
            8.4.3) Timing Summary
            8.4.4) Timing Details
            8.4.5) Cross Clock Domains Report


=========================================================================
*                      Synthesis Options Summary                        *
=========================================================================
---- Source Parameters
Input File Name                    : "ALU.prj"
Ignore Synthesis Constraint File   : NO

---- Target Parameters
Output File Name                   : "ALU"
Output Format                      : NGC
Target Device                      : xc7a100t-3-csg324

---- Source Options
Top Module Name                    : ALU
Automatic FSM Extraction           : YES
FSM Encoding Algorithm             : Auto
Safe Implementation                : No
FSM Style                          : LUT
RAM Extraction                     : Yes
RAM Style                          : Auto
ROM Extraction                     : Yes
Shift Register Extraction          : YES
ROM Style                          : Auto
Resource Sharing                   : YES
Asynchronous To Synchronous        : NO
Shift Register Minimum Size        : 2
Use DSP Block                      : Auto
Automatic Register Balancing       : No

---- Target Options
LUT Combining                      : Auto
Reduce Control Sets                : Auto
Add IO Buffers                     : YES
Global Maximum Fanout              : 100000
Add Generic Clock Buffer(BUFG)     : 32
Register Duplication               : YES
Optimize Instantiated Primitives   : NO
Use Clock Enable                   : Auto
Use Synchronous Set                : Auto
Use Synchronous Reset              : Auto
Pack IO Registers into IOBs        : Auto
Equivalent register Removal        : YES

---- General Options
Optimization Goal                  : Speed
Optimization Effort                : 1
Power Reduction                    : NO
Keep Hierarchy                     : No
Netlist Hierarchy                  : As_Optimized
RTL Output                         : Yes
Global Optimization                : AllClockNets
Read Cores                         : YES
Write Timing Constraints           : NO
Cross Clock Analysis               : NO
Hierarchy Separator                : /
Bus Delimiter                      : <>
Case Specifier                     : Maintain
Slice Utilization Ratio            : 100
BRAM Utilization Ratio             : 100
DSP48 Utilization Ratio            : 100
Auto BRAM Packing                  : NO
Slice Utilization Ratio Delta      : 5

=========================================================================


=========================================================================
*                          HDL Parsing                                  *
=========================================================================
Analyzing Verilog file "D:\ise_save\p4Cpu\ALU.v" into library work
Parsing module <ALU>.

=========================================================================
*                            HDL Elaboration                            *
=========================================================================

Elaborating module <ALU>.

=========================================================================
*                           HDL Synthesis                               *
=========================================================================

Synthesizing Unit <ALU>.
    Related source file is "D:\ise_save\p4Cpu\ALU.v".
    Found 32-bit subtractor for signal <A[31]_B[31]_sub_2_OUT> created at line 35.
    Found 32-bit adder for signal <A[31]_B[31]_add_0_OUT> created at line 33.
    Found 32-bit 7-to-1 multiplexer for signal <C> created at line 31.
    Found 32-bit comparator equal for signal <A[31]_B[31]_equal_4_o> created at line 39
    Summary:
	inferred   1 Adder/Subtractor(s).
	inferred   1 Comparator(s).
	inferred   5 Multiplexer(s).
Unit <ALU> synthesized.

=========================================================================
HDL Synthesis Report

Macro Statistics
# Adders/Subtractors                                   : 1
 32-bit addsub                                         : 1
# Comparators                                          : 1
 32-bit comparator equal                               : 1
# Multiplexers                                         : 5
 32-bit 2-to-1 multiplexer                             : 5

=========================================================================
INFO:Xst:1767 - HDL ADVISOR - Resource sharing has identified that some arithmetic operations in this design can share the same physical resources for reduced device utilization. For improved clock frequency you may try to disable resource sharing.

=========================================================================
*                       Advanced HDL Synthesis                          *
=========================================================================


=========================================================================
Advanced HDL Synthesis Report

Macro Statistics
# Adders/Subtractors                                   : 1
 32-bit addsub                                         : 1
# Comparators                                          : 1
 32-bit comparator equal                               : 1
# Multiplexers                                         : 5
 32-bit 2-to-1 multiplexer                             : 5

=========================================================================

=========================================================================
*                         Low Level Synthesis                           *
=========================================================================

Optimizing unit <ALU> ...

Mapping all equations...
Building and optimizing final netlist ...
Found area constraint ratio of 100 (+ 5) on block ALU, actual ratio is 0.

Final Macro Processing ...

=========================================================================
Final Register Report

Found no macro
=========================================================================

=========================================================================
*                           Partition Report                            *
=========================================================================

Partition Implementation Status
-------------------------------

  No Partitions were found in this design.

-------------------------------

=========================================================================
*                            Design Summary                             *
=========================================================================

Top Level Output File Name         : ALU.ngc

Primitive and Black Box Usage:
------------------------------
# BELS                             : 153
#      GND                         : 1
#      LUT3                        : 32
#      LUT4                        : 1
#      LUT6                        : 43
#      MUXCY                       : 42
#      MUXF7                       : 1
#      VCC                         : 1
#      XORCY                       : 32
# IO Buffers                       : 99
#      IBUF                        : 67
#      OBUF                        : 32

Device utilization summary:
---------------------------

Selected Device : 7a100tcsg324-3 


Slice Logic Utilization: 
 Number of Slice LUTs:                   76  out of  63400     0%  
    Number used as Logic:                76  out of  63400     0%  

Slice Logic Distribution: 
 Number of LUT Flip Flop pairs used:     76
   Number with an unused Flip Flop:      76  out of     76   100%  
   Number with an unused LUT:             0  out of     76     0%  
   Number of fully used LUT-FF pairs:     0  out of     76     0%  
   Number of unique control sets:         0

IO Utilization: 
 Number of IOs:                          99
 Number of bonded IOBs:                  99  out of    210    47%  

Specific Feature Utilization:

---------------------------
Partition Resource Summary:
---------------------------

  No Partitions were found in this design.

---------------------------


=========================================================================
Timing Report

NOTE: THESE TIMING NUMBERS ARE ONLY A SYNTHESIS ESTIMATE.
      FOR ACCURATE TIMING INFORMATION PLEASE REFER TO THE TRACE REPORT
      GENERATED AFTER PLACE-and-ROUTE.

Clock Information:
------------------
No clock signals found in this design

Asynchronous Control Signals Information:
----------------------------------------
No asynchronous control signals found in this design

Timing Summary:
---------------
Speed Grade: -3

   Minimum period: No path found
   Minimum input arrival time before clock: No path found
   Maximum output required time after clock: No path found
   Maximum combinational path delay: 2.708ns

Timing Details:
---------------
All values displayed in nanoseconds (ns)

=========================================================================
Timing constraint: Default path analysis
  Total number of paths / destination ports: 2345 / 32
-------------------------------------------------------------------------
Delay:               2.708ns (Levels of Logic = 36)
  Source:            A<0> (PAD)
  Destination:       C<31> (PAD)

  Data Path: A<0> to C<31>
                                Gate     Net
    Cell:in->out      fanout   Delay   Delay  Logical Name (Net Name)
    ----------------------------------------  ------------
     IBUF:I->O             4   0.001   0.525  A_0_IBUF (A_0_IBUF)
     LUT3:I0->O            1   0.097   0.000  Mmux_C1_rs_lut<0> (Mmux_C1_rs_lut<0>)
     MUXCY:S->O            1   0.353   0.000  Mmux_C1_rs_cy<0> (Mmux_C1_rs_cy<0>)
     MUXCY:CI->O           1   0.023   0.000  Mmux_C1_rs_cy<1> (Mmux_C1_rs_cy<1>)
     MUXCY:CI->O           1   0.023   0.000  Mmux_C1_rs_cy<2> (Mmux_C1_rs_cy<2>)
     MUXCY:CI->O           1   0.023   0.000  Mmux_C1_rs_cy<3> (Mmux_C1_rs_cy<3>)
     MUXCY:CI->O           1   0.023   0.000  Mmux_C1_rs_cy<4> (Mmux_C1_rs_cy<4>)
     MUXCY:CI->O           1   0.023   0.000  Mmux_C1_rs_cy<5> (Mmux_C1_rs_cy<5>)
     MUXCY:CI->O           1   0.023   0.000  Mmux_C1_rs_cy<6> (Mmux_C1_rs_cy<6>)
     MUXCY:CI->O           1   0.023   0.000  Mmux_C1_rs_cy<7> (Mmux_C1_rs_cy<7>)
     MUXCY:CI->O           1   0.023   0.000  Mmux_C1_rs_cy<8> (Mmux_C1_rs_cy<8>)
     MUXCY:CI->O           1   0.023   0.000  Mmux_C1_rs_cy<9> (Mmux_C1_rs_cy<9>)
     MUXCY:CI->O           1   0.023   0.000  Mmux_C1_rs_cy<10> (Mmux_C1_rs_cy<10>)
     MUXCY:CI->O           1   0.023   0.000  Mmux_C1_rs_cy<11> (Mmux_C1_rs_cy<11>)
     MUXCY:CI->O           1   0.023   0.000  Mmux_C1_rs_cy<12> (Mmux_C1_rs_cy<12>)
     MUXCY:CI->O           1   0.023   0.000  Mmux_C1_rs_cy<13> (Mmux_C1_rs_cy<13>)
     MUXCY:CI->O           1   0.023   0.000  Mmux_C1_rs_cy<14> (Mmux_C1_rs_cy<14>)
     MUXCY:CI->O           1   0.023   0.000  Mmux_C1_rs_cy<15> (Mmux_C1_rs_cy<15>)
     MUXCY:CI->O           1   0.023   0.000  Mmux_C1_rs_cy<16> (Mmux_C1_rs_cy<16>)
     MUXCY:CI->O           1   0.023   0.000  Mmux_C1_rs_cy<17> (Mmux_C1_rs_cy<17>)
     MUXCY:CI->O           1   0.023   0.000  Mmux_C1_rs_cy<18> (Mmux_C1_rs_cy<18>)
     MUXCY:CI->O           1   0.023   0.000  Mmux_C1_rs_cy<19> (Mmux_C1_rs_cy<19>)
     MUXCY:CI->O           1   0.023   0.000  Mmux_C1_rs_cy<20> (Mmux_C1_rs_cy<20>)
     MUXCY:CI->O           1   0.023   0.000  Mmux_C1_rs_cy<21> (Mmux_C1_rs_cy<21>)
     MUXCY:CI->O           1   0.023   0.000  Mmux_C1_rs_cy<22> (Mmux_C1_rs_cy<22>)
     MUXCY:CI->O           1   0.023   0.000  Mmux_C1_rs_cy<23> (Mmux_C1_rs_cy<23>)
     MUXCY:CI->O           1   0.023   0.000  Mmux_C1_rs_cy<24> (Mmux_C1_rs_cy<24>)
     MUXCY:CI->O           1   0.023   0.000  Mmux_C1_rs_cy<25> (Mmux_C1_rs_cy<25>)
     MUXCY:CI->O           1   0.023   0.000  Mmux_C1_rs_cy<26> (Mmux_C1_rs_cy<26>)
     MUXCY:CI->O           1   0.023   0.000  Mmux_C1_rs_cy<27> (Mmux_C1_rs_cy<27>)
     MUXCY:CI->O           1   0.023   0.000  Mmux_C1_rs_cy<28> (Mmux_C1_rs_cy<28>)
     MUXCY:CI->O           1   0.023   0.000  Mmux_C1_rs_cy<29> (Mmux_C1_rs_cy<29>)
     MUXCY:CI->O           0   0.023   0.000  Mmux_C1_rs_cy<30> (Mmux_C1_rs_cy<30>)
     XORCY:CI->O           1   0.370   0.295  Mmux_C1_rs_xor<31> (Mmux_C1_split<31>)
     LUT6:I5->O            1   0.097   0.279  Mmux_C6251 (C_31_OBUF)
     OBUF:I->O                 0.000          C_31_OBUF (C<31>)
    ----------------------------------------
    Total                      2.708ns (1.608ns logic, 1.100ns route)
                                       (59.4% logic, 40.6% route)

=========================================================================

Cross Clock Domains Report:
--------------------------

=========================================================================


Total REAL time to Xst completion: 10.00 secs
Total CPU time to Xst completion: 9.97 secs
 
--> 

Total memory usage is 4626944 kilobytes

Number of errors   :    0 (   0 filtered)
Number of warnings :    0 (   0 filtered)
Number of infos    :    1 (   0 filtered)

