Release 14.7 - xst P.20131013 (nt64)
Copyright (c) 1995-2013 Xilinx, Inc.  All rights reserved.
--> Parameter TMPDIR set to xst/projnav.tmp


Total REAL time to Xst completion: 0.00 secs
Total CPU time to Xst completion: 0.10 secs
 
--> Parameter xsthdpdir set to xst


Total REAL time to Xst completion: 0.00 secs
Total CPU time to Xst completion: 0.10 secs
 
--> Reading design: controller.prj

TABLE OF CONTENTS
  1) Synthesis Options Summary
  2) HDL Parsing
  3) HDL Elaboration
  4) HDL Synthesis
       4.1) HDL Synthesis Report
  5) Advanced HDL Synthesis
       5.1) Advanced HDL Synthesis Report
  6) Low Level Synthesis
  7) Partition Report
  8) Design Summary
       8.1) Primitive and Black Box Usage
       8.2) Device utilization summary
       8.3) Partition Resource Summary
       8.4) Timing Report
            8.4.1) Clock Information
            8.4.2) Asynchronous Control Signals Information
            8.4.3) Timing Summary
            8.4.4) Timing Details
            8.4.5) Cross Clock Domains Report


=========================================================================
*                      Synthesis Options Summary                        *
=========================================================================
---- Source Parameters
Input File Name                    : "controller.prj"
Ignore Synthesis Constraint File   : NO

---- Target Parameters
Output File Name                   : "controller"
Output Format                      : NGC
Target Device                      : xc7a100t-3-csg324

---- Source Options
Top Module Name                    : controller
Automatic FSM Extraction           : YES
FSM Encoding Algorithm             : Auto
Safe Implementation                : No
FSM Style                          : LUT
RAM Extraction                     : Yes
RAM Style                          : Auto
ROM Extraction                     : Yes
Shift Register Extraction          : YES
ROM Style                          : Auto
Resource Sharing                   : YES
Asynchronous To Synchronous        : NO
Shift Register Minimum Size        : 2
Use DSP Block                      : Auto
Automatic Register Balancing       : No

---- Target Options
LUT Combining                      : Auto
Reduce Control Sets                : Auto
Add IO Buffers                     : YES
Global Maximum Fanout              : 100000
Add Generic Clock Buffer(BUFG)     : 32
Register Duplication               : YES
Optimize Instantiated Primitives   : NO
Use Clock Enable                   : Auto
Use Synchronous Set                : Auto
Use Synchronous Reset              : Auto
Pack IO Registers into IOBs        : Auto
Equivalent register Removal        : YES

---- General Options
Optimization Goal                  : Speed
Optimization Effort                : 1
Power Reduction                    : NO
Keep Hierarchy                     : No
Netlist Hierarchy                  : As_Optimized
RTL Output                         : Yes
Global Optimization                : AllClockNets
Read Cores                         : YES
Write Timing Constraints           : NO
Cross Clock Analysis               : NO
Hierarchy Separator                : /
Bus Delimiter                      : <>
Case Specifier                     : Maintain
Slice Utilization Ratio            : 100
BRAM Utilization Ratio             : 100
DSP48 Utilization Ratio            : 100
Auto BRAM Packing                  : NO
Slice Utilization Ratio Delta      : 5

=========================================================================


=========================================================================
*                          HDL Parsing                                  *
=========================================================================
Analyzing Verilog file "D:\ise_save\p4Cpu\controller.v" into library work
Parsing module <controller>.

=========================================================================
*                            HDL Elaboration                            *
=========================================================================

Elaborating module <controller>.
WARNING:HDLCompiler:413 - "D:\ise_save\p4Cpu\controller.v" Line 43: Result of 32-bit expression is truncated to fit in 1-bit target.
WARNING:HDLCompiler:413 - "D:\ise_save\p4Cpu\controller.v" Line 44: Result of 32-bit expression is truncated to fit in 1-bit target.
WARNING:HDLCompiler:413 - "D:\ise_save\p4Cpu\controller.v" Line 45: Result of 32-bit expression is truncated to fit in 1-bit target.
WARNING:HDLCompiler:413 - "D:\ise_save\p4Cpu\controller.v" Line 46: Result of 32-bit expression is truncated to fit in 1-bit target.
WARNING:HDLCompiler:413 - "D:\ise_save\p4Cpu\controller.v" Line 47: Result of 32-bit expression is truncated to fit in 1-bit target.
WARNING:HDLCompiler:413 - "D:\ise_save\p4Cpu\controller.v" Line 48: Result of 32-bit expression is truncated to fit in 1-bit target.
WARNING:HDLCompiler:413 - "D:\ise_save\p4Cpu\controller.v" Line 49: Result of 32-bit expression is truncated to fit in 1-bit target.
WARNING:HDLCompiler:413 - "D:\ise_save\p4Cpu\controller.v" Line 50: Result of 32-bit expression is truncated to fit in 1-bit target.
WARNING:HDLCompiler:413 - "D:\ise_save\p4Cpu\controller.v" Line 51: Result of 32-bit expression is truncated to fit in 1-bit target.
WARNING:HDLCompiler:413 - "D:\ise_save\p4Cpu\controller.v" Line 53: Result of 32-bit expression is truncated to fit in 1-bit target.
WARNING:HDLCompiler:413 - "D:\ise_save\p4Cpu\controller.v" Line 55: Result of 32-bit expression is truncated to fit in 1-bit target.
WARNING:HDLCompiler:413 - "D:\ise_save\p4Cpu\controller.v" Line 57: Result of 32-bit expression is truncated to fit in 1-bit target.
WARNING:HDLCompiler:413 - "D:\ise_save\p4Cpu\controller.v" Line 58: Result of 32-bit expression is truncated to fit in 1-bit target.
WARNING:HDLCompiler:413 - "D:\ise_save\p4Cpu\controller.v" Line 69: Result of 32-bit expression is truncated to fit in 1-bit target.
WARNING:HDLCompiler:413 - "D:\ise_save\p4Cpu\controller.v" Line 82: Result of 32-bit expression is truncated to fit in 1-bit target.
WARNING:HDLCompiler:413 - "D:\ise_save\p4Cpu\controller.v" Line 90: Result of 32-bit expression is truncated to fit in 1-bit target.

=========================================================================
*                           HDL Synthesis                               *
=========================================================================

Synthesizing Unit <controller>.
    Related source file is "D:\ise_save\p4Cpu\controller.v".
    Summary:
	inferred   9 Multiplexer(s).
Unit <controller> synthesized.

=========================================================================
HDL Synthesis Report

Macro Statistics
# Multiplexers                                         : 9
 2-bit 2-to-1 multiplexer                              : 5
 3-bit 2-to-1 multiplexer                              : 4

=========================================================================

=========================================================================
*                       Advanced HDL Synthesis                          *
=========================================================================


=========================================================================
Advanced HDL Synthesis Report

Macro Statistics
# Multiplexers                                         : 9
 2-bit 2-to-1 multiplexer                              : 5
 3-bit 2-to-1 multiplexer                              : 4

=========================================================================

=========================================================================
*                         Low Level Synthesis                           *
=========================================================================

Optimizing unit <controller> ...

Mapping all equations...
Building and optimizing final netlist ...
Found area constraint ratio of 100 (+ 5) on block controller, actual ratio is 0.

Final Macro Processing ...

=========================================================================
Final Register Report

Found no macro
=========================================================================

=========================================================================
*                           Partition Report                            *
=========================================================================

Partition Implementation Status
-------------------------------

  No Partitions were found in this design.

-------------------------------

=========================================================================
*                            Design Summary                             *
=========================================================================

Top Level Output File Name         : controller.ngc

Primitive and Black Box Usage:
------------------------------
# BELS                             : 30
#      GND                         : 1
#      LUT3                        : 5
#      LUT4                        : 1
#      LUT5                        : 6
#      LUT6                        : 17
# IO Buffers                       : 60
#      IBUF                        : 44
#      OBUF                        : 16

Device utilization summary:
---------------------------

Selected Device : 7a100tcsg324-3 


Slice Logic Utilization: 
 Number of Slice LUTs:                   29  out of  63400     0%  
    Number used as Logic:                29  out of  63400     0%  

Slice Logic Distribution: 
 Number of LUT Flip Flop pairs used:     29
   Number with an unused Flip Flop:      29  out of     29   100%  
   Number with an unused LUT:             0  out of     29     0%  
   Number of fully used LUT-FF pairs:     0  out of     29     0%  
   Number of unique control sets:         0

IO Utilization: 
 Number of IOs:                          60
 Number of bonded IOBs:                  60  out of    210    28%  

Specific Feature Utilization:

---------------------------
Partition Resource Summary:
---------------------------

  No Partitions were found in this design.

---------------------------


=========================================================================
Timing Report

NOTE: THESE TIMING NUMBERS ARE ONLY A SYNTHESIS ESTIMATE.
      FOR ACCURATE TIMING INFORMATION PLEASE REFER TO THE TRACE REPORT
      GENERATED AFTER PLACE-and-ROUTE.

Clock Information:
------------------
No clock signals found in this design

Asynchronous Control Signals Information:
----------------------------------------
No asynchronous control signals found in this design

Timing Summary:
---------------
Speed Grade: -3

   Minimum period: No path found
   Minimum input arrival time before clock: No path found
   Maximum output required time after clock: No path found
   Maximum combinational path delay: 2.918ns

Timing Details:
---------------
All values displayed in nanoseconds (ns)

=========================================================================
Timing constraint: Default path analysis
  Total number of paths / destination ports: 161 / 15
-------------------------------------------------------------------------
Delay:               2.918ns (Levels of Logic = 6)
  Source:            opcode<5> (PAD)
  Destination:       GRFEn (PAD)

  Data Path: opcode<5> to GRFEn
                                Gate     Net
    Cell:in->out      fanout   Delay   Delay  Logical Name (Net Name)
    ----------------------------------------  ------------
     IBUF:I->O            13   0.001   0.749  opcode_5_IBUF (opcode_5_IBUF)
     LUT6:I0->O            1   0.097   0.693  addu_balcon_OR_48_o1 (addu_balcon_OR_48_o)
     LUT6:I0->O            1   0.097   0.511  addu_balcon_OR_48_o7 (addu_balcon_OR_48_o6)
     LUT4:I1->O            1   0.097   0.295  addu_balcon_OR_48_o9 (addu_balcon_OR_48_o8)
     LUT6:I5->O            1   0.097   0.279  addu_balcon_OR_48_o10 (GRFEn_OBUF)
     OBUF:I->O                 0.000          GRFEn_OBUF (GRFEn)
    ----------------------------------------
    Total                      2.918ns (0.389ns logic, 2.528ns route)
                                       (13.3% logic, 86.7% route)

=========================================================================

Cross Clock Domains Report:
--------------------------

=========================================================================


Total REAL time to Xst completion: 7.00 secs
Total CPU time to Xst completion: 7.13 secs
 
--> 

Total memory usage is 4626944 kilobytes

Number of errors   :    0 (   0 filtered)
Number of warnings :   16 (   0 filtered)
Number of infos    :    0 (   0 filtered)

