Running: D:\ISE\14.7\ISE_DS\ISE\bin\nt64\unwrapped\fuse.exe -intstyle ise -incremental -lib unisims_ver -lib unimacro_ver -lib xilinxcorelib_ver -lib secureip -o D:/ise_save/p4Cpu/mips_testbench_isim_beh.exe -prj D:/ise_save/p4Cpu/mips_testbench_beh.prj work.mips_testbench work.glbl 
ISim P.20131013 (signature 0x7708f090)
Number of CPUs detected in this system: 12
Turning on mult-threading, number of parallel sub-compilation jobs: 24 
Determining compilation order of HDL files
Analyzing Verilog file "D:/ise_save/p4Cpu/MUX.v" into library work
Analyzing Verilog file "D:/ise_save/p4Cpu/IFU.v" into library work
Analyzing Verilog file "D:/ise_save/p4Cpu/GRF.v" into library work
Analyzing Verilog file "D:/ise_save/p4Cpu/EXT.v" into library work
Analyzing Verilog file "D:/ise_save/p4Cpu/DM.v" into library work
Analyzing Verilog file "D:/ise_save/p4Cpu/controller.v" into library work
Analyzing Verilog file "D:/ise_save/p4Cpu/ALU.v" into library work
Analyzing Verilog file "D:/ise_save/p4Cpu/datapath.v" into library work
Analyzing Verilog file "D:/ise_save/p4Cpu/mips.v" into library work
Analyzing Verilog file "D:/ise_save/p4Cpu/mips_testbench.v" into library work
Analyzing Verilog file "D:/ISE/14.7/ISE_DS/ISE//verilog/src/glbl.v" into library work
Starting static elaboration
Completed static elaboration
Compiling module IFU
Compiling module GRF
Compiling module EXT
Compiling module ALU
Compiling module DM
Compiling module MUX
Compiling module controller
Compiling module datapath
Compiling module mips
Compiling module mips_testbench
Compiling module glbl
Time Resolution for simulation is 1ps.
Waiting for 1 sub-compilation(s) to finish...
Compiled 11 Verilog Units
Built simulation executable D:/ise_save/p4Cpu/mips_testbench_isim_beh.exe
Fuse Memory Usage: 33516 KB
Fuse CPU Usage: 2796 ms
