Release 14.7 - xst P.20131013 (nt64)
Copyright (c) 1995-2013 Xilinx, Inc.  All rights reserved.
--> Parameter TMPDIR set to xst/projnav.tmp


Total REAL time to Xst completion: 1.00 secs
Total CPU time to Xst completion: 0.09 secs
 
--> Parameter xsthdpdir set to xst


Total REAL time to Xst completion: 1.00 secs
Total CPU time to Xst completion: 0.09 secs
 
--> Reading design: GRF.prj

TABLE OF CONTENTS
  1) Synthesis Options Summary
  2) HDL Parsing
  3) HDL Elaboration
  4) HDL Synthesis
       4.1) HDL Synthesis Report
  5) Advanced HDL Synthesis
       5.1) Advanced HDL Synthesis Report
  6) Low Level Synthesis
  7) Partition Report
  8) Design Summary
       8.1) Primitive and Black Box Usage
       8.2) Device utilization summary
       8.3) Partition Resource Summary
       8.4) Timing Report
            8.4.1) Clock Information
            8.4.2) Asynchronous Control Signals Information
            8.4.3) Timing Summary
            8.4.4) Timing Details
            8.4.5) Cross Clock Domains Report


=========================================================================
*                      Synthesis Options Summary                        *
=========================================================================
---- Source Parameters
Input File Name                    : "GRF.prj"
Ignore Synthesis Constraint File   : NO

---- Target Parameters
Output File Name                   : "GRF"
Output Format                      : NGC
Target Device                      : xc7a100t-3-csg324

---- Source Options
Top Module Name                    : GRF
Automatic FSM Extraction           : YES
FSM Encoding Algorithm             : Auto
Safe Implementation                : No
FSM Style                          : LUT
RAM Extraction                     : Yes
RAM Style                          : Auto
ROM Extraction                     : Yes
Shift Register Extraction          : YES
ROM Style                          : Auto
Resource Sharing                   : YES
Asynchronous To Synchronous        : NO
Shift Register Minimum Size        : 2
Use DSP Block                      : Auto
Automatic Register Balancing       : No

---- Target Options
LUT Combining                      : Auto
Reduce Control Sets                : Auto
Add IO Buffers                     : YES
Global Maximum Fanout              : 100000
Add Generic Clock Buffer(BUFG)     : 32
Register Duplication               : YES
Optimize Instantiated Primitives   : NO
Use Clock Enable                   : Auto
Use Synchronous Set                : Auto
Use Synchronous Reset              : Auto
Pack IO Registers into IOBs        : Auto
Equivalent register Removal        : YES

---- General Options
Optimization Goal                  : Speed
Optimization Effort                : 1
Power Reduction                    : NO
Keep Hierarchy                     : No
Netlist Hierarchy                  : As_Optimized
RTL Output                         : Yes
Global Optimization                : AllClockNets
Read Cores                         : YES
Write Timing Constraints           : NO
Cross Clock Analysis               : NO
Hierarchy Separator                : /
Bus Delimiter                      : <>
Case Specifier                     : Maintain
Slice Utilization Ratio            : 100
BRAM Utilization Ratio             : 100
DSP48 Utilization Ratio            : 100
Auto BRAM Packing                  : NO
Slice Utilization Ratio Delta      : 5

=========================================================================


=========================================================================
*                          HDL Parsing                                  *
=========================================================================
Analyzing Verilog file "D:\ise_save\p4Cpu\GRF.v" into library work
Parsing module <GRF>.

=========================================================================
*                            HDL Elaboration                            *
=========================================================================

Elaborating module <GRF>.

=========================================================================
*                           HDL Synthesis                               *
=========================================================================

Synthesizing Unit <GRF>.
    Related source file is "D:\ise_save\p4Cpu\GRF.v".
    Found 1024-bit register for signal <n0078[1023:0]>.
    Found 32-bit 32-to-1 multiplexer for signal <BUSA> created at line 55.
    Found 32-bit 32-to-1 multiplexer for signal <BUSB> created at line 56.
    Summary:
	inferred 1024 D-type flip-flop(s).
	inferred  66 Multiplexer(s).
Unit <GRF> synthesized.

=========================================================================
HDL Synthesis Report

Macro Statistics
# Registers                                            : 1
 1024-bit register                                     : 1
# Multiplexers                                         : 66
 32-bit 2-to-1 multiplexer                             : 64
 32-bit 32-to-1 multiplexer                            : 2

=========================================================================

=========================================================================
*                       Advanced HDL Synthesis                          *
=========================================================================


=========================================================================
Advanced HDL Synthesis Report

Macro Statistics
# Registers                                            : 1024
 Flip-Flops                                            : 1024
# Multiplexers                                         : 66
 32-bit 2-to-1 multiplexer                             : 64
 32-bit 32-to-1 multiplexer                            : 2

=========================================================================

=========================================================================
*                         Low Level Synthesis                           *
=========================================================================

Optimizing unit <GRF> ...
WARNING:Xst:1293 - FF/Latch <register_0_31> has a constant value of 0 in block <GRF>. This FF/Latch will be trimmed during the optimization process.
WARNING:Xst:1896 - Due to other FF/Latch trimming, FF/Latch <register_0_30> has a constant value of 0 in block <GRF>. This FF/Latch will be trimmed during the optimization process.
WARNING:Xst:1896 - Due to other FF/Latch trimming, FF/Latch <register_0_29> has a constant value of 0 in block <GRF>. This FF/Latch will be trimmed during the optimization process.
WARNING:Xst:1896 - Due to other FF/Latch trimming, FF/Latch <register_0_28> has a constant value of 0 in block <GRF>. This FF/Latch will be trimmed during the optimization process.
WARNING:Xst:1896 - Due to other FF/Latch trimming, FF/Latch <register_0_27> has a constant value of 0 in block <GRF>. This FF/Latch will be trimmed during the optimization process.
WARNING:Xst:1896 - Due to other FF/Latch trimming, FF/Latch <register_0_26> has a constant value of 0 in block <GRF>. This FF/Latch will be trimmed during the optimization process.
WARNING:Xst:1896 - Due to other FF/Latch trimming, FF/Latch <register_0_25> has a constant value of 0 in block <GRF>. This FF/Latch will be trimmed during the optimization process.
WARNING:Xst:1896 - Due to other FF/Latch trimming, FF/Latch <register_0_24> has a constant value of 0 in block <GRF>. This FF/Latch will be trimmed during the optimization process.
WARNING:Xst:1896 - Due to other FF/Latch trimming, FF/Latch <register_0_23> has a constant value of 0 in block <GRF>. This FF/Latch will be trimmed during the optimization process.
WARNING:Xst:1896 - Due to other FF/Latch trimming, FF/Latch <register_0_22> has a constant value of 0 in block <GRF>. This FF/Latch will be trimmed during the optimization process.
WARNING:Xst:1896 - Due to other FF/Latch trimming, FF/Latch <register_0_21> has a constant value of 0 in block <GRF>. This FF/Latch will be trimmed during the optimization process.
WARNING:Xst:1896 - Due to other FF/Latch trimming, FF/Latch <register_0_20> has a constant value of 0 in block <GRF>. This FF/Latch will be trimmed during the optimization process.
WARNING:Xst:1896 - Due to other FF/Latch trimming, FF/Latch <register_0_19> has a constant value of 0 in block <GRF>. This FF/Latch will be trimmed during the optimization process.
WARNING:Xst:1896 - Due to other FF/Latch trimming, FF/Latch <register_0_18> has a constant value of 0 in block <GRF>. This FF/Latch will be trimmed during the optimization process.
WARNING:Xst:1896 - Due to other FF/Latch trimming, FF/Latch <register_0_17> has a constant value of 0 in block <GRF>. This FF/Latch will be trimmed during the optimization process.
WARNING:Xst:1896 - Due to other FF/Latch trimming, FF/Latch <register_0_16> has a constant value of 0 in block <GRF>. This FF/Latch will be trimmed during the optimization process.
WARNING:Xst:1896 - Due to other FF/Latch trimming, FF/Latch <register_0_15> has a constant value of 0 in block <GRF>. This FF/Latch will be trimmed during the optimization process.
WARNING:Xst:1896 - Due to other FF/Latch trimming, FF/Latch <register_0_14> has a constant value of 0 in block <GRF>. This FF/Latch will be trimmed during the optimization process.
WARNING:Xst:1896 - Due to other FF/Latch trimming, FF/Latch <register_0_13> has a constant value of 0 in block <GRF>. This FF/Latch will be trimmed during the optimization process.
WARNING:Xst:1896 - Due to other FF/Latch trimming, FF/Latch <register_0_12> has a constant value of 0 in block <GRF>. This FF/Latch will be trimmed during the optimization process.
WARNING:Xst:1896 - Due to other FF/Latch trimming, FF/Latch <register_0_11> has a constant value of 0 in block <GRF>. This FF/Latch will be trimmed during the optimization process.
WARNING:Xst:1896 - Due to other FF/Latch trimming, FF/Latch <register_0_10> has a constant value of 0 in block <GRF>. This FF/Latch will be trimmed during the optimization process.
WARNING:Xst:1896 - Due to other FF/Latch trimming, FF/Latch <register_0_9> has a constant value of 0 in block <GRF>. This FF/Latch will be trimmed during the optimization process.
WARNING:Xst:1896 - Due to other FF/Latch trimming, FF/Latch <register_0_8> has a constant value of 0 in block <GRF>. This FF/Latch will be trimmed during the optimization process.
WARNING:Xst:1896 - Due to other FF/Latch trimming, FF/Latch <register_0_7> has a constant value of 0 in block <GRF>. This FF/Latch will be trimmed during the optimization process.
WARNING:Xst:1896 - Due to other FF/Latch trimming, FF/Latch <register_0_6> has a constant value of 0 in block <GRF>. This FF/Latch will be trimmed during the optimization process.
WARNING:Xst:1896 - Due to other FF/Latch trimming, FF/Latch <register_0_5> has a constant value of 0 in block <GRF>. This FF/Latch will be trimmed during the optimization process.
WARNING:Xst:1896 - Due to other FF/Latch trimming, FF/Latch <register_0_4> has a constant value of 0 in block <GRF>. This FF/Latch will be trimmed during the optimization process.
WARNING:Xst:1896 - Due to other FF/Latch trimming, FF/Latch <register_0_3> has a constant value of 0 in block <GRF>. This FF/Latch will be trimmed during the optimization process.
WARNING:Xst:1896 - Due to other FF/Latch trimming, FF/Latch <register_0_2> has a constant value of 0 in block <GRF>. This FF/Latch will be trimmed during the optimization process.
WARNING:Xst:1896 - Due to other FF/Latch trimming, FF/Latch <register_0_1> has a constant value of 0 in block <GRF>. This FF/Latch will be trimmed during the optimization process.
WARNING:Xst:1896 - Due to other FF/Latch trimming, FF/Latch <register_0_0> has a constant value of 0 in block <GRF>. This FF/Latch will be trimmed during the optimization process.

Mapping all equations...
Building and optimizing final netlist ...
Found area constraint ratio of 100 (+ 5) on block GRF, actual ratio is 3.

Final Macro Processing ...

=========================================================================
Final Register Report

Macro Statistics
# Registers                                            : 992
 Flip-Flops                                            : 992

=========================================================================

=========================================================================
*                           Partition Report                            *
=========================================================================

Partition Implementation Status
-------------------------------

  No Partitions were found in this design.

-------------------------------

=========================================================================
*                            Design Summary                             *
=========================================================================

Top Level Output File Name         : GRF.ngc

Primitive and Black Box Usage:
------------------------------
# BELS                             : 1729
#      GND                         : 1
#      LUT3                        : 96
#      LUT4                        : 896
#      LUT5                        : 32
#      LUT6                        : 640
#      MUXF7                       : 64
# FlipFlops/Latches                : 992
#      FDRE                        : 992
# Clock Buffers                    : 1
#      BUFGP                       : 1
# IO Buffers                       : 113
#      IBUF                        : 49
#      OBUF                        : 64

Device utilization summary:
---------------------------

Selected Device : 7a100tcsg324-3 


Slice Logic Utilization: 
 Number of Slice Registers:             992  out of  126800     0%  
 Number of Slice LUTs:                 1664  out of  63400     2%  
    Number used as Logic:              1664  out of  63400     2%  

Slice Logic Distribution: 
 Number of LUT Flip Flop pairs used:   1664
   Number with an unused Flip Flop:     672  out of   1664    40%  
   Number with an unused LUT:             0  out of   1664     0%  
   Number of fully used LUT-FF pairs:   992  out of   1664    59%  
   Number of unique control sets:         1

IO Utilization: 
 Number of IOs:                         114
 Number of bonded IOBs:                 114  out of    210    54%  

Specific Feature Utilization:
 Number of BUFG/BUFGCTRLs:                1  out of     32     3%  

---------------------------
Partition Resource Summary:
---------------------------

  No Partitions were found in this design.

---------------------------


=========================================================================
Timing Report

NOTE: THESE TIMING NUMBERS ARE ONLY A SYNTHESIS ESTIMATE.
      FOR ACCURATE TIMING INFORMATION PLEASE REFER TO THE TRACE REPORT
      GENERATED AFTER PLACE-and-ROUTE.

Clock Information:
------------------
-----------------------------------+------------------------+-------+
Clock Signal                       | Clock buffer(FF name)  | Load  |
-----------------------------------+------------------------+-------+
clk                                | BUFGP                  | 992   |
-----------------------------------+------------------------+-------+

Asynchronous Control Signals Information:
----------------------------------------
No asynchronous control signals found in this design

Timing Summary:
---------------
Speed Grade: -3

   Minimum period: 0.771ns (Maximum Frequency: 1296.849MHz)
   Minimum input arrival time before clock: 1.695ns
   Maximum output required time after clock: 2.236ns
   Maximum combinational path delay: 2.144ns

Timing Details:
---------------
All values displayed in nanoseconds (ns)

=========================================================================
Timing constraint: Default period analysis for Clock 'clk'
  Clock period: 0.771ns (frequency: 1296.849MHz)
  Total number of paths / destination ports: 992 / 992
-------------------------------------------------------------------------
Delay:               0.771ns (Levels of Logic = 1)
  Source:            register_0_32 (FF)
  Destination:       register_0_32 (FF)
  Source Clock:      clk rising
  Destination Clock: clk rising

  Data Path: register_0_32 to register_0_32
                                Gate     Net
    Cell:in->out      fanout   Delay   Delay  Logical Name (Net Name)
    ----------------------------------------  ------------
     FDRE:C->Q             3   0.361   0.305  register_0_32 (register_0_32)
     LUT3:I2->O            1   0.097   0.000  register[31][31]_register[31][31]_mux_68_OUT<32>2 (register[31][31]_register[31][31]_mux_68_OUT<32>)
     FDRE:D                    0.008          register_0_32
    ----------------------------------------
    Total                      0.771ns (0.466ns logic, 0.305ns route)
                                       (60.4% logic, 39.6% route)

=========================================================================
Timing constraint: Default OFFSET IN BEFORE for Clock 'clk'
  Total number of paths / destination ports: 12416 / 2976
-------------------------------------------------------------------------
Offset:              1.695ns (Levels of Logic = 3)
  Source:            A3<0> (PAD)
  Destination:       register_0_128 (FF)
  Destination Clock: clk rising

  Data Path: A3<0> to register_0_128
                                Gate     Net
    Cell:in->out      fanout   Delay   Delay  Logical Name (Net Name)
    ----------------------------------------  ------------
     IBUF:I->O            32   0.001   0.790  A3_0_IBUF (A3_0_IBUF)
     LUT5:I0->O          896   0.097   0.702  A3[4]_Decoder_35_OUT<0><4>1 (A3[4]_Decoder_35_OUT<0>)
     LUT4:I1->O            1   0.097   0.000  register[31][31]_register[31][31]_mux_68_OUT<1023>1 (register[31][31]_register[31][31]_mux_68_OUT<1023>)
     FDRE:D                    0.008          register_0_1023
    ----------------------------------------
    Total                      1.695ns (0.203ns logic, 1.492ns route)
                                       (12.0% logic, 88.0% route)

=========================================================================
Timing constraint: Default OFFSET OUT AFTER for Clock 'clk'
  Total number of paths / destination ports: 1984 / 64
-------------------------------------------------------------------------
Offset:              2.236ns (Levels of Logic = 4)
  Source:            register_0_863 (FF)
  Destination:       BUSA<31> (PAD)
  Source Clock:      clk rising

  Data Path: register_0_863 to BUSA<31>
                                Gate     Net
    Cell:in->out      fanout   Delay   Delay  Logical Name (Net Name)
    ----------------------------------------  ------------
     FDRE:C->Q             3   0.361   0.566  register_0_863 (register_0_863)
     LUT6:I2->O            1   0.097   0.556  Mmux_BUSA_873 (Mmux_BUSA_873)
     LUT6:I2->O            1   0.097   0.000  Mmux_BUSA_324 (Mmux_BUSA_324)
     MUXF7:I1->O           1   0.279   0.279  Mmux_BUSA_2_f7_23 (BUSA_31_OBUF)
     OBUF:I->O                 0.000          BUSA_31_OBUF (BUSA<31>)
    ----------------------------------------
    Total                      2.236ns (0.834ns logic, 1.402ns route)
                                       (37.3% logic, 62.7% route)

=========================================================================
Timing constraint: Default path analysis
  Total number of paths / destination ports: 1344 / 64
-------------------------------------------------------------------------
Delay:               2.144ns (Levels of Logic = 5)
  Source:            A1<1> (PAD)
  Destination:       BUSA<31> (PAD)

  Data Path: A1<1> to BUSA<31>
                                Gate     Net
    Cell:in->out      fanout   Delay   Delay  Logical Name (Net Name)
    ----------------------------------------  ------------
     IBUF:I->O           256   0.001   0.834  A1_1_IBUF (A1_1_IBUF)
     LUT6:I0->O            1   0.097   0.556  Mmux_BUSA_81 (Mmux_BUSA_81)
     LUT6:I2->O            1   0.097   0.000  Mmux_BUSA_3 (Mmux_BUSA_3)
     MUXF7:I1->O           1   0.279   0.279  Mmux_BUSA_2_f7 (BUSA_0_OBUF)
     OBUF:I->O                 0.000          BUSA_0_OBUF (BUSA<0>)
    ----------------------------------------
    Total                      2.144ns (0.474ns logic, 1.670ns route)
                                       (22.1% logic, 77.9% route)

=========================================================================

Cross Clock Domains Report:
--------------------------

Clock to Setup on destination clock clk
---------------+---------+---------+---------+---------+
               | Src:Rise| Src:Fall| Src:Rise| Src:Fall|
Source Clock   |Dest:Rise|Dest:Rise|Dest:Fall|Dest:Fall|
---------------+---------+---------+---------+---------+
clk            |    0.771|         |         |         |
---------------+---------+---------+---------+---------+

=========================================================================


Total REAL time to Xst completion: 13.00 secs
Total CPU time to Xst completion: 12.09 secs
 
--> 

Total memory usage is 4645532 kilobytes

Number of errors   :    0 (   0 filtered)
Number of warnings :   32 (   0 filtered)
Number of infos    :    0 (   0 filtered)

